<?xml version="1.0" encoding="UTF-8"?>
<testng-results skipped="0" failed="0" ignored="0" total="1" passed="1">
  <reporter-output>
  </reporter-output>
  <suite name="Default suite" duration-ms="5496" started-at="2020-01-23T00:09:49 CST" finished-at="2020-01-23T00:09:55 CST">
    <groups>
    </groups>
    <test name="Default test" duration-ms="5496" started-at="2020-01-23T00:09:49 CST" finished-at="2020-01-23T00:09:55 CST">
      <class name="com.TestScenarios.shearcircle">
        <test-method status="PASS" signature="f()[pri:0, instance:com.TestScenarios.shearcircle@49fc609f]" name="f" duration-ms="5458" started-at="2020-01-23T00:09:49 CST" finished-at="2020-01-23T00:09:55 CST">
          <reporter-output>
          </reporter-output>
        </test-method> <!-- f -->
      </class> <!-- com.TestScenarios.shearcircle -->
    </test> <!-- Default test -->
  </suite> <!-- Default suite -->
</testng-results>
